<?xml version="1.0" encoding="UTF-8"?>
<!-- Generated by org.testng.reporters.JUnitXMLReporter -->
<testsuite ignored="0" hostname="DESKTOP-8H40N5V" failures="0" tests="6" name="TestOnChrome" time="5.101" errors="0" timestamp="2024-09-25T18:09:03 IST">
  <testcase classname="com.swagTest.SwagLabsTest" name="launchApp" time="1.118"/>
  <testcase classname="com.swagTest.SwagLabsTest" name="Swaglogin" time="0.453"/>
  <testcase classname="com.swagTest.SwagLabsTest" name="addingProductToCartAndRemove" time="0.46"/>
  <testcase classname="com.swagTest.SwagLabsTest" name="addProductToCart" time="0.477"/>
  <testcase classname="com.swagTest.SwagLabsTest" name="checkOutTheProduct" time="0.427"/>
  <testcase classname="com.swagTest.SwagLabsTest" name="logOutApplication" time="0.197"/>
</testsuite> <!-- TestOnChrome -->
