<?xml version="1.0" encoding="UTF-8"?>
<!-- Generated by org.testng.reporters.JUnitXMLReporter -->
<testsuite ignored="0" hostname="DESKTOP-8H40N5V" failures="0" tests="6" name="TestOnFirefox" time="9.223" errors="0" timestamp="2024-09-25T18:09:08 IST">
  <testcase classname="com.swagTest.SwagLabsTest" name="launchApp" time="0.795"/>
  <testcase classname="com.swagTest.SwagLabsTest" name="Swaglogin" time="0.511"/>
  <testcase classname="com.swagTest.SwagLabsTest" name="addingProductToCartAndRemove" time="0.937"/>
  <testcase classname="com.swagTest.SwagLabsTest" name="addProductToCart" time="0.932"/>
  <testcase classname="com.swagTest.SwagLabsTest" name="checkOutTheProduct" time="0.784"/>
  <testcase classname="com.swagTest.SwagLabsTest" name="logOutApplication" time="0.433"/>
</testsuite> <!-- TestOnFirefox -->
