<?xml version="1.0" encoding="UTF-8"?>
<!-- Generated by org.testng.reporters.JUnitXMLReporter -->
<testsuite ignored="0" hostname="DESKTOP-8H40N5V" failures="0" tests="6" name="TestOnEdge" time="5.99" errors="0" timestamp="2024-09-25T18:09:04 IST">
  <testcase classname="com.swagTest.SwagLabsTest" name="launchApp" time="0.437"/>
  <testcase classname="com.swagTest.SwagLabsTest" name="Swaglogin" time="0.809"/>
  <testcase classname="com.swagTest.SwagLabsTest" name="addingProductToCartAndRemove" time="0.471"/>
  <testcase classname="com.swagTest.SwagLabsTest" name="addProductToCart" time="0.446"/>
  <testcase classname="com.swagTest.SwagLabsTest" name="checkOutTheProduct" time="0.523"/>
  <testcase classname="com.swagTest.SwagLabsTest" name="logOutApplication" time="0.208"/>
</testsuite> <!-- TestOnEdge -->
