<?xml version="1.0" encoding="UTF-8"?>
<testng-results ignored="0" total="4" passed="4" failed="0" skipped="0">
  <reporter-output>
  </reporter-output>
  <suite started-at="2024-10-08T16:18:37 IST" name="Default suite" finished-at="2024-10-08T16:18:41 IST" duration-ms="3679">
    <groups>
    </groups>
    <test started-at="2024-10-08T16:18:37 IST" name="Default test" finished-at="2024-10-08T16:18:41 IST" duration-ms="3679">
      <class name="APIs.RestAssuredApi">
        <test-method signature="getUser()[pri:1, instance:APIs.RestAssuredApi@4f1bfe23]" started-at="2024-10-08T16:18:37 IST" name="getUser" finished-at="2024-10-08T16:18:40 IST" duration-ms="2365" status="PASS">
          <reporter-output>
          </reporter-output>
        </test-method> <!-- getUser -->
        <test-method signature="createUser()[pri:2, instance:APIs.RestAssuredApi@4f1bfe23]" started-at="2024-10-08T16:18:40 IST" name="createUser" finished-at="2024-10-08T16:18:40 IST" duration-ms="461" status="PASS">
          <reporter-output>
          </reporter-output>
        </test-method> <!-- createUser -->
        <test-method signature="updateUser()[pri:3, instance:APIs.RestAssuredApi@4f1bfe23]" started-at="2024-10-08T16:18:40 IST" name="updateUser" finished-at="2024-10-08T16:18:40 IST" depends-on-methods="APIs.RestAssuredApi.createUser" duration-ms="388" status="PASS">
          <reporter-output>
          </reporter-output>
        </test-method> <!-- updateUser -->
        <test-method signature="deleteUser()[pri:4, instance:APIs.RestAssuredApi@4f1bfe23]" started-at="2024-10-08T16:18:40 IST" name="deleteUser" finished-at="2024-10-08T16:18:41 IST" duration-ms="344" status="PASS">
          <reporter-output>
          </reporter-output>
        </test-method> <!-- deleteUser -->
      </class> <!-- APIs.RestAssuredApi -->
    </test> <!-- Default test -->
  </suite> <!-- Default suite -->
</testng-results>
