<?xml version="1.0" encoding="UTF-8"?>
<!-- Generated by org.testng.reporters.JUnitXMLReporter -->
<testsuite ignored="0" hostname="DESKTOP-8H40N5V" failures="0" tests="6" name="TestOnEdge" time="12.835" errors="0" timestamp="2024-09-23T12:16:50 IST">
  <testcase classname="com.swagTest.SwagLabsTest" name="launchApp" time="1.41"/>
  <testcase classname="com.swagTest.SwagLabsTest" name="Swaglogin" time="1.534"/>
  <testcase classname="com.swagTest.SwagLabsTest" name="addingProductToCartAndRemove" time="1.052"/>
  <testcase classname="com.swagTest.SwagLabsTest" name="addProductToCart" time="0.771"/>
  <testcase classname="com.swagTest.SwagLabsTest" name="checkOutTheProduct" time="1.139"/>
  <testcase classname="com.swagTest.SwagLabsTest" name="logOutApplication" time="0.316"/>
</testsuite> <!-- TestOnEdge -->
