<?xml version="1.0" encoding="UTF-8"?>
<!-- Generated by org.testng.reporters.JUnitXMLReporter -->
<testsuite ignored="0" hostname="DESKTOP-8H40N5V" failures="0" tests="6" name="TestOnFirefox" time="19.499" errors="0" timestamp="2024-09-23T12:16:56 IST">
  <testcase classname="com.swagTest.SwagLabsTest" name="launchApp" time="1.149"/>
  <testcase classname="com.swagTest.SwagLabsTest" name="Swaglogin" time="0.668"/>
  <testcase classname="com.swagTest.SwagLabsTest" name="addingProductToCartAndRemove" time="1.04"/>
  <testcase classname="com.swagTest.SwagLabsTest" name="addProductToCart" time="1.124"/>
  <testcase classname="com.swagTest.SwagLabsTest" name="checkOutTheProduct" time="1.009"/>
  <testcase classname="com.swagTest.SwagLabsTest" name="logOutApplication" time="0.518"/>
</testsuite> <!-- TestOnFirefox -->
