<?xml version="1.0" encoding="UTF-8"?>
<testsuite xmlns:xsi="http://www.w3.org/2001/XMLSchema-instance" xsi:noNamespaceSchemaLocation="https://maven.apache.org/surefire/maven-surefire-plugin/xsd/surefire-test-report.xsd" version="3.0.2" name="TestSuite" time="22.611" tests="18" errors="0" skipped="0" failures="0">
  <properties>
[...]
</properties>
  <testcase name="launchApp[https://www.saucedemo.com/](1)" classname="com.swagTest.SwagLabsTest" time="1.676">
    <system-out><![CDATA[2024-09-23 12:16:43 [TestNG-tests-3] INFO  com.swagTest.SwagLabsTest - Application launched successfully
2024-09-23 12:16:43 [TestNG-tests-1] INFO  com.swagTest.SwagLabsTest - Application launched successfully
]]></system-out>
    <system-err><![CDATA[SLF4J(W): No SLF4J providers were found.
SLF4J(W): Defaulting to no-operation (NOP) logger implementation
SLF4J(W): See https://www.slf4j.org/codes.html#noProviders for further details.
SLF4J(W): Class path contains SLF4J bindings targeting slf4j-api versions 1.7.x or earlier.
SLF4J(W): Ignoring binding found at [jar:file:/C:/Users/Seetham/.m2/repository/org/slf4j/slf4j-log4j12/1.7.32/slf4j-log4j12-1.7.32.jar!/org/slf4j/impl/StaticLoggerBinder.class]
SLF4J(W): Ignoring binding found at [jar:file:/C:/Users/Seetham/.m2/repository/org/apache/logging/log4j/log4j-slf4j-impl/2.20.0/log4j-slf4j-impl-2.20.0.jar!/org/slf4j/impl/StaticLoggerBinder.class]
SLF4J(W): See https://www.slf4j.org/codes.html#ignoredBindings for an explanation.
Sep 23, 2024 12:16:41 PM org.openqa.selenium.devtools.CdpVersionFinder findNearestMatch
WARNING: Unable to find an exact match for CDP version 129, returning the closest version; found: 128; Please update to a Selenium version that supports CDP version 129
Sep 23, 2024 12:16:41 PM org.openqa.selenium.devtools.CdpVersionFinder findNearestMatch
WARNING: Unable to find an exact match for CDP version 129, returning the closest version; found: 128; Please update to a Selenium version that supports CDP version 129
]]></system-err>
  </testcase>
  <testcase name="launchApp[https://www.saucedemo.com/](1)" classname="com.swagTest.SwagLabsTest" time="1.679"/>
  <testcase name="launchApp[https://www.saucedemo.com/](1)" classname="com.swagTest.SwagLabsTest" time="1.153">
    <system-out><![CDATA[2024-09-23 12:16:50 [TestNG-tests-2] INFO  com.swagTest.SwagLabsTest - Application launched successfully
]]></system-out>
  </testcase>
  <testcase name="Swaglogin[standard_user, secret_sauce](1)" classname="com.swagTest.SwagLabsTest" time="1.6">
    <system-out><![CDATA[2024-09-23 12:16:45 [TestNG-tests-3] INFO  com.swagTest.SwagLabsTest - Login is successful
2024-09-23 12:16:45 [TestNG-tests-1] INFO  com.swagTest.SwagLabsTest - Login is successful
]]></system-out>
  </testcase>
  <testcase name="Swaglogin[standard_user, secret_sauce](1)" classname="com.swagTest.SwagLabsTest" time="1.601"/>
  <testcase name="Swaglogin[standard_user, secret_sauce](1)" classname="com.swagTest.SwagLabsTest" time="0.668">
    <system-out><![CDATA[2024-09-23 12:16:51 [TestNG-tests-2] INFO  com.swagTest.SwagLabsTest - Login is successful
]]></system-out>
  </testcase>
  <testcase name="addingProductToCartAndRemove" classname="com.swagTest.SwagLabsTest" time="1.008">
    <system-out><![CDATA[Entered into the addingProductToCart function
Entered into the addingProductToCart function
Clicked 'Add to cart' button
Clicked 'Add to cart' button
Clicked shopping cart link
Clicked shopping cart link
2024-09-23 12:16:46 [TestNG-tests-3] INFO  com.swagTest.SwagLabsTest - Item added to cart and removed it
2024-09-23 12:16:46 [TestNG-tests-1] INFO  com.swagTest.SwagLabsTest - Item added to cart and removed it
]]></system-out>
  </testcase>
  <testcase name="addingProductToCartAndRemove" classname="com.swagTest.SwagLabsTest" time="1.011"/>
  <testcase name="addingProductToCartAndRemove" classname="com.swagTest.SwagLabsTest" time="1.04">
    <system-out><![CDATA[Entered into the addingProductToCart function
Clicked 'Add to cart' button
Clicked shopping cart link
2024-09-23 12:16:52 [TestNG-tests-2] INFO  com.swagTest.SwagLabsTest - Item added to cart and removed it
]]></system-out>
  </testcase>
  <testcase name="addProductToCart" classname="com.swagTest.SwagLabsTest" time="0.773">
    <system-out><![CDATA[Clicked 'Continue Shopping' button
Entered into the addingProductToCart function
Clicked 'Continue Shopping' button
Entered into the addingProductToCart function
Clicked 'Add to cart' button
Clicked 'Add to cart' button
Clicked shopping cart link
Clicked shopping cart link
2024-09-23 12:16:47 [TestNG-tests-1] INFO  com.swagTest.SwagLabsTest - Item added to cart
2024-09-23 12:16:47 [TestNG-tests-3] INFO  com.swagTest.SwagLabsTest - Item added to cart
]]></system-out>
  </testcase>
  <testcase name="addProductToCart" classname="com.swagTest.SwagLabsTest" time="0.777"/>
  <testcase name="addProductToCart" classname="com.swagTest.SwagLabsTest" time="1.132">
    <system-out><![CDATA[Clicked 'Continue Shopping' button
Entered into the addingProductToCart function
Clicked 'Add to cart' button
Clicked shopping cart link
2024-09-23 12:16:53 [TestNG-tests-2] INFO  com.swagTest.SwagLabsTest - Item added to cart
]]></system-out>
  </testcase>
  <testcase name="checkOutTheProduct[Jhon, Erric, 535558](1)" classname="com.swagTest.SwagLabsTest" time="1.122">
    <system-out><![CDATA[Entered into clickingOnCheckoutBtn function
Entered into clickingOnCheckoutBtn function
clicked on checkout btn
clicked on checkout btn
2024-09-23 12:16:48 [TestNG-tests-1] INFO  com.swagTest.SwagLabsTest - Item is checked-out and entered the details
]]></system-out>
  </testcase>
  <testcase name="checkOutTheProduct[Jhon, Erric, 535558](1)" classname="com.swagTest.SwagLabsTest" time="0.019">
    <system-out><![CDATA[2024-09-23 12:16:48 [TestNG-tests-3] INFO  com.swagTest.SwagLabsTest - Item is checked-out and entered the details
]]></system-out>
  </testcase>
  <testcase name="checkOutTheProduct[Jhon, Erric, 535558](1)" classname="com.swagTest.SwagLabsTest" time="1.029">
    <system-out><![CDATA[Entered into clickingOnCheckoutBtn function
clicked on checkout btn
2024-09-23 12:16:54 [TestNG-tests-2] INFO  com.swagTest.SwagLabsTest - Item is checked-out and entered the details
]]></system-out>
  </testcase>
  <testcase name="logOutApplication" classname="com.swagTest.SwagLabsTest" time="0.291">
    <system-out><![CDATA[2024-09-23 12:16:48 [TestNG-tests-1] INFO  com.swagTest.SwagLabsTest - Successfully logged out from the application
]]></system-out>
  </testcase>
  <testcase name="logOutApplication" classname="com.swagTest.SwagLabsTest" time="0.32">
    <system-out><![CDATA[2024-09-23 12:16:48 [TestNG-tests-3] INFO  com.swagTest.SwagLabsTest - Successfully logged out from the application
]]></system-out>
  </testcase>
  <testcase name="logOutApplication" classname="com.swagTest.SwagLabsTest" time="0.525">
    <system-out><![CDATA[2024-09-23 12:16:55 [TestNG-tests-2] INFO  com.swagTest.SwagLabsTest - Successfully logged out from the application
]]></system-out>
  </testcase>
</testsuite>