<?xml version="1.0" encoding="UTF-8"?>
<testng-results ignored="0" total="18" passed="18" failed="0" skipped="0">
  <reporter-output>
  </reporter-output>
  <suite started-at="2024-09-23T12:16:37 IST" name="TestSuite" finished-at="2024-09-23T12:16:56 IST" duration-ms="19499">
    <groups>
    </groups>
    <test started-at="2024-09-23T12:16:37 IST" name="TestOnChrome" finished-at="2024-09-23T12:16:49 IST" duration-ms="11590">
      <class name="com.swagTest.SwagLabsTest">
        <test-method is-config="true" signature="intialBrowserSetUp(java.lang.String)[pri:0, instance:com.swagTest.SwagLabsTest@6a62689d]" started-at="2024-09-23T12:16:37 IST" name="intialBrowserSetUp" finished-at="2024-09-23T12:16:42 IST" duration-ms="4586" status="PASS">
          <params>
            <param index="0">
              <value>
                <![CDATA[Chrome]]>
              </value>
            </param>
          </params>
          <reporter-output>
          </reporter-output>
        </test-method> <!-- intialBrowserSetUp -->
        <test-method signature="launchApp(java.lang.String)[pri:0, instance:com.swagTest.SwagLabsTest@6a62689d]" started-at="2024-09-23T12:16:42 IST" name="launchApp" finished-at="2024-09-23T12:16:43 IST" duration-ms="1410" status="PASS">
          <params>
            <param index="0">
              <value>
                <![CDATA[https://www.saucedemo.com/]]>
              </value>
            </param>
          </params>
          <reporter-output>
          </reporter-output>
        </test-method> <!-- launchApp -->
        <test-method signature="Swaglogin(java.lang.String,java.lang.String)[pri:1, instance:com.swagTest.SwagLabsTest@6a62689d]" started-at="2024-09-23T12:16:43 IST" name="Swaglogin" finished-at="2024-09-23T12:16:45 IST" duration-ms="1534" status="PASS">
          <params>
            <param index="0">
              <value>
                <![CDATA[standard_user]]>
              </value>
            </param>
            <param index="1">
              <value>
                <![CDATA[secret_sauce]]>
              </value>
            </param>
          </params>
          <reporter-output>
          </reporter-output>
        </test-method> <!-- Swaglogin -->
        <test-method signature="addingProductToCartAndRemove()[pri:2, instance:com.swagTest.SwagLabsTest@6a62689d]" started-at="2024-09-23T12:16:45 IST" name="addingProductToCartAndRemove" finished-at="2024-09-23T12:16:46 IST" duration-ms="1056" status="PASS">
          <reporter-output>
          </reporter-output>
        </test-method> <!-- addingProductToCartAndRemove -->
        <test-method signature="addProductToCart()[pri:3, instance:com.swagTest.SwagLabsTest@6a62689d]" started-at="2024-09-23T12:16:46 IST" name="addProductToCart" finished-at="2024-09-23T12:16:47 IST" duration-ms="772" status="PASS">
          <reporter-output>
          </reporter-output>
        </test-method> <!-- addProductToCart -->
        <test-method signature="checkOutTheProduct(java.lang.String,java.lang.String,java.lang.String)[pri:4, instance:com.swagTest.SwagLabsTest@6a62689d]" started-at="2024-09-23T12:16:47 IST" name="checkOutTheProduct" finished-at="2024-09-23T12:16:48 IST" duration-ms="1123" status="PASS">
          <params>
            <param index="0">
              <value>
                <![CDATA[Jhon]]>
              </value>
            </param>
            <param index="1">
              <value>
                <![CDATA[Erric]]>
              </value>
            </param>
            <param index="2">
              <value>
                <![CDATA[535558]]>
              </value>
            </param>
          </params>
          <reporter-output>
          </reporter-output>
        </test-method> <!-- checkOutTheProduct -->
        <test-method signature="logOutApplication()[pri:5, instance:com.swagTest.SwagLabsTest@6a62689d]" started-at="2024-09-23T12:16:48 IST" name="logOutApplication" finished-at="2024-09-23T12:16:48 IST" duration-ms="297" status="PASS">
          <reporter-output>
          </reporter-output>
        </test-method> <!-- logOutApplication -->
        <test-method is-config="true" signature="closeBrowser()[pri:0, instance:com.swagTest.SwagLabsTest@6a62689d]" started-at="2024-09-23T12:16:48 IST" name="closeBrowser" finished-at="2024-09-23T12:16:49 IST" duration-ms="332" status="PASS">
          <reporter-output>
          </reporter-output>
        </test-method> <!-- closeBrowser -->
      </class> <!-- com.swagTest.SwagLabsTest -->
    </test> <!-- TestOnChrome -->
    <test started-at="2024-09-23T12:16:37 IST" name="TestOnEdge" finished-at="2024-09-23T12:16:50 IST" duration-ms="12835">
      <class name="com.swagTest.SwagLabsTest">
        <test-method is-config="true" signature="intialBrowserSetUp(java.lang.String)[pri:0, instance:com.swagTest.SwagLabsTest@6c6357f9]" started-at="2024-09-23T12:16:37 IST" name="intialBrowserSetUp" finished-at="2024-09-23T12:16:42 IST" duration-ms="4580" status="PASS">
          <params>
            <param index="0">
              <value>
                <![CDATA[edge]]>
              </value>
            </param>
          </params>
          <reporter-output>
          </reporter-output>
        </test-method> <!-- intialBrowserSetUp -->
        <test-method signature="launchApp(java.lang.String)[pri:0, instance:com.swagTest.SwagLabsTest@6c6357f9]" started-at="2024-09-23T12:16:42 IST" name="launchApp" finished-at="2024-09-23T12:16:43 IST" duration-ms="1410" status="PASS">
          <params>
            <param index="0">
              <value>
                <![CDATA[https://www.saucedemo.com/]]>
              </value>
            </param>
          </params>
          <reporter-output>
          </reporter-output>
        </test-method> <!-- launchApp -->
        <test-method signature="Swaglogin(java.lang.String,java.lang.String)[pri:1, instance:com.swagTest.SwagLabsTest@6c6357f9]" started-at="2024-09-23T12:16:43 IST" name="Swaglogin" finished-at="2024-09-23T12:16:45 IST" duration-ms="1534" status="PASS">
          <params>
            <param index="0">
              <value>
                <![CDATA[standard_user]]>
              </value>
            </param>
            <param index="1">
              <value>
                <![CDATA[secret_sauce]]>
              </value>
            </param>
          </params>
          <reporter-output>
          </reporter-output>
        </test-method> <!-- Swaglogin -->
        <test-method signature="addingProductToCartAndRemove()[pri:2, instance:com.swagTest.SwagLabsTest@6c6357f9]" started-at="2024-09-23T12:16:45 IST" name="addingProductToCartAndRemove" finished-at="2024-09-23T12:16:46 IST" duration-ms="1052" status="PASS">
          <reporter-output>
          </reporter-output>
        </test-method> <!-- addingProductToCartAndRemove -->
        <test-method signature="addProductToCart()[pri:3, instance:com.swagTest.SwagLabsTest@6c6357f9]" started-at="2024-09-23T12:16:46 IST" name="addProductToCart" finished-at="2024-09-23T12:16:47 IST" duration-ms="771" status="PASS">
          <reporter-output>
          </reporter-output>
        </test-method> <!-- addProductToCart -->
        <test-method signature="checkOutTheProduct(java.lang.String,java.lang.String,java.lang.String)[pri:4, instance:com.swagTest.SwagLabsTest@6c6357f9]" started-at="2024-09-23T12:16:47 IST" name="checkOutTheProduct" finished-at="2024-09-23T12:16:48 IST" duration-ms="1139" status="PASS">
          <params>
            <param index="0">
              <value>
                <![CDATA[Jhon]]>
              </value>
            </param>
            <param index="1">
              <value>
                <![CDATA[Erric]]>
              </value>
            </param>
            <param index="2">
              <value>
                <![CDATA[535558]]>
              </value>
            </param>
          </params>
          <reporter-output>
          </reporter-output>
        </test-method> <!-- checkOutTheProduct -->
        <test-method signature="logOutApplication()[pri:5, instance:com.swagTest.SwagLabsTest@6c6357f9]" started-at="2024-09-23T12:16:48 IST" name="logOutApplication" finished-at="2024-09-23T12:16:48 IST" duration-ms="316" status="PASS">
          <reporter-output>
          </reporter-output>
        </test-method> <!-- logOutApplication -->
        <test-method is-config="true" signature="closeBrowser()[pri:0, instance:com.swagTest.SwagLabsTest@6c6357f9]" started-at="2024-09-23T12:16:48 IST" name="closeBrowser" finished-at="2024-09-23T12:16:50 IST" duration-ms="1549" status="PASS">
          <reporter-output>
          </reporter-output>
        </test-method> <!-- closeBrowser -->
      </class> <!-- com.swagTest.SwagLabsTest -->
    </test> <!-- TestOnEdge -->
    <test started-at="2024-09-23T12:16:37 IST" name="TestOnFirefox" finished-at="2024-09-23T12:16:56 IST" duration-ms="19499">
      <class name="com.swagTest.SwagLabsTest">
        <test-method is-config="true" signature="intialBrowserSetUp(java.lang.String)[pri:0, instance:com.swagTest.SwagLabsTest@4b6579e8]" started-at="2024-09-23T12:16:37 IST" name="intialBrowserSetUp" finished-at="2024-09-23T12:16:49 IST" duration-ms="11949" status="PASS">
          <params>
            <param index="0">
              <value>
                <![CDATA[firefox]]>
              </value>
            </param>
          </params>
          <reporter-output>
          </reporter-output>
        </test-method> <!-- intialBrowserSetUp -->
        <test-method signature="launchApp(java.lang.String)[pri:0, instance:com.swagTest.SwagLabsTest@4b6579e8]" started-at="2024-09-23T12:16:49 IST" name="launchApp" finished-at="2024-09-23T12:16:50 IST" duration-ms="1149" status="PASS">
          <params>
            <param index="0">
              <value>
                <![CDATA[https://www.saucedemo.com/]]>
              </value>
            </param>
          </params>
          <reporter-output>
          </reporter-output>
        </test-method> <!-- launchApp -->
        <test-method signature="Swaglogin(java.lang.String,java.lang.String)[pri:1, instance:com.swagTest.SwagLabsTest@4b6579e8]" started-at="2024-09-23T12:16:50 IST" name="Swaglogin" finished-at="2024-09-23T12:16:51 IST" duration-ms="668" status="PASS">
          <params>
            <param index="0">
              <value>
                <![CDATA[standard_user]]>
              </value>
            </param>
            <param index="1">
              <value>
                <![CDATA[secret_sauce]]>
              </value>
            </param>
          </params>
          <reporter-output>
          </reporter-output>
        </test-method> <!-- Swaglogin -->
        <test-method signature="addingProductToCartAndRemove()[pri:2, instance:com.swagTest.SwagLabsTest@4b6579e8]" started-at="2024-09-23T12:16:51 IST" name="addingProductToCartAndRemove" finished-at="2024-09-23T12:16:52 IST" duration-ms="1040" status="PASS">
          <reporter-output>
          </reporter-output>
        </test-method> <!-- addingProductToCartAndRemove -->
        <test-method signature="addProductToCart()[pri:3, instance:com.swagTest.SwagLabsTest@4b6579e8]" started-at="2024-09-23T12:16:52 IST" name="addProductToCart" finished-at="2024-09-23T12:16:53 IST" duration-ms="1124" status="PASS">
          <reporter-output>
          </reporter-output>
        </test-method> <!-- addProductToCart -->
        <test-method signature="checkOutTheProduct(java.lang.String,java.lang.String,java.lang.String)[pri:4, instance:com.swagTest.SwagLabsTest@4b6579e8]" started-at="2024-09-23T12:16:53 IST" name="checkOutTheProduct" finished-at="2024-09-23T12:16:54 IST" duration-ms="1009" status="PASS">
          <params>
            <param index="0">
              <value>
                <![CDATA[Jhon]]>
              </value>
            </param>
            <param index="1">
              <value>
                <![CDATA[Erric]]>
              </value>
            </param>
            <param index="2">
              <value>
                <![CDATA[535558]]>
              </value>
            </param>
          </params>
          <reporter-output>
          </reporter-output>
        </test-method> <!-- checkOutTheProduct -->
        <test-method signature="logOutApplication()[pri:5, instance:com.swagTest.SwagLabsTest@4b6579e8]" started-at="2024-09-23T12:16:54 IST" name="logOutApplication" finished-at="2024-09-23T12:16:55 IST" duration-ms="518" status="PASS">
          <reporter-output>
          </reporter-output>
        </test-method> <!-- logOutApplication -->
        <test-method is-config="true" signature="closeBrowser()[pri:0, instance:com.swagTest.SwagLabsTest@4b6579e8]" started-at="2024-09-23T12:16:55 IST" name="closeBrowser" finished-at="2024-09-23T12:16:56 IST" duration-ms="1911" status="PASS">
          <reporter-output>
          </reporter-output>
        </test-method> <!-- closeBrowser -->
      </class> <!-- com.swagTest.SwagLabsTest -->
    </test> <!-- TestOnFirefox -->
  </suite> <!-- TestSuite -->
</testng-results>
