<?xml version="1.0" encoding="UTF-8"?>
<!-- Generated by org.testng.reporters.JUnitXMLReporter -->
<testsuite ignored="0" hostname="DESKTOP-8H40N5V" failures="0" tests="6" name="TestOnFirefox" time="9.899" errors="0" timestamp="2024-10-08T11:27:32 IST">
  <testcase classname="com.swagTest.SwagLabsTest" name="launchApp" time="0.808"/>
  <testcase classname="com.swagTest.SwagLabsTest" name="Swaglogin" time="0.467"/>
  <testcase classname="com.swagTest.SwagLabsTest" name="addingProductToCartAndRemove" time="0.934"/>
  <testcase classname="com.swagTest.SwagLabsTest" name="addProductToCart" time="0.9"/>
  <testcase classname="com.swagTest.SwagLabsTest" name="checkOutTheProduct" time="0.73"/>
  <testcase classname="com.swagTest.SwagLabsTest" name="logOutApplication" time="0.43"/>
</testsuite> <!-- TestOnFirefox -->
