<?xml version="1.0" encoding="UTF-8"?>
<!-- Generated by org.testng.reporters.JUnitXMLReporter -->
<testsuite ignored="0" hostname="DESKTOP-8H40N5V" failures="0" tests="6" name="TestOnChrome" time="6.314" errors="0" timestamp="2024-10-08T11:27:29 IST">
  <testcase classname="com.swagTest.SwagLabsTest" name="launchApp" time="0.774"/>
  <testcase classname="com.swagTest.SwagLabsTest" name="Swaglogin" time="0.581"/>
  <testcase classname="com.swagTest.SwagLabsTest" name="addingProductToCartAndRemove" time="0.334"/>
  <testcase classname="com.swagTest.SwagLabsTest" name="addProductToCart" time="0.3"/>
  <testcase classname="com.swagTest.SwagLabsTest" name="checkOutTheProduct" time="0.376"/>
  <testcase classname="com.swagTest.SwagLabsTest" name="logOutApplication" time="0.165"/>
</testsuite> <!-- TestOnChrome -->
