<?xml version="1.0" encoding="UTF-8"?>
<!-- Generated by org.testng.reporters.JUnitXMLReporter -->
<testsuite ignored="0" hostname="DESKTOP-8H40N5V" failures="0" tests="6" name="Test" time="3.279" errors="0" timestamp="2024-09-13T10:16:24 IST">
  <testcase classname="com.swagTest.SwagLabsTest" name="launchApp" time="0.521"/>
  <testcase classname="com.swagTest.SwagLabsTest" name="Swaglogin" time="0.245"/>
  <testcase classname="com.swagTest.SwagLabsTest" name="addingProductToCartAndRemove" time="0.248"/>
  <testcase classname="com.swagTest.SwagLabsTest" name="addProductToCart" time="0.197"/>
  <testcase classname="com.swagTest.SwagLabsTest" name="checkOutTheProduct" time="0.308"/>
  <testcase classname="com.swagTest.SwagLabsTest" name="logOutApplication" time="0.149"/>
</testsuite> <!-- Test -->
