<?xml version="1.0" encoding="UTF-8"?>
<!-- Generated by org.testng.reporters.JUnitXMLReporter -->
<testsuite ignored="0" hostname="DESKTOP-8H40N5V" failures="0" tests="6" name="TestOnEdge" time="13.399" errors="0" timestamp="2024-10-08T11:27:36 IST">
  <testcase classname="com.swagTest.SwagLabsTest" name="launchApp" time="1.026"/>
  <testcase classname="com.swagTest.SwagLabsTest" name="Swaglogin" time="0.278"/>
  <testcase classname="com.swagTest.SwagLabsTest" name="addingProductToCartAndRemove" time="0.268"/>
  <testcase classname="com.swagTest.SwagLabsTest" name="addProductToCart" time="0.245"/>
  <testcase classname="com.swagTest.SwagLabsTest" name="checkOutTheProduct" time="0.365"/>
  <testcase classname="com.swagTest.SwagLabsTest" name="logOutApplication" time="0.149"/>
</testsuite> <!-- TestOnEdge -->
